19:06:37.193 logback [main] INFO  com.lj.test.demo.DemoApplication - Starting DemoApplication on YJSIT_14-PC with PID 23708 (D:\JetBrains\workspaces\demo\target\classes started by lenovo in D:\JetBrains\workspaces\demo)
19:06:37.195 logback [main] INFO  com.lj.test.demo.DemoApplication - The following profiles are active: test
19:06:37.402 logback [main] INFO  o.s.b.c.e.AnnotationConfigEmbeddedWebApplicationContext - Refreshing org.springframework.boot.context.embedded.AnnotationConfigEmbeddedWebApplicationContext@7fc229ab: startup date [Wed Sep 06 19:06:37 CST 2017]; root of context hierarchy
19:06:37.479 logback [background-preinit] INFO  o.h.validator.internal.util.Version - HV000001: Hibernate Validator 5.3.5.Final
19:06:38.236 logback [main] INFO  o.s.b.c.e.t.TomcatEmbeddedServletContainer - Tomcat initialized with port(s): 8080 (http)
19:06:38.243 logback [main] INFO  o.a.catalina.core.StandardService - Starting service [Tomcat]
19:06:38.244 logback [main] INFO  o.a.catalina.core.StandardEngine - Starting Servlet Engine: Apache Tomcat/8.5.16
19:06:38.300 logback [localhost-startStop-1] INFO  o.a.c.c.C.[Tomcat].[localhost].[/] - Initializing Spring embedded WebApplicationContext
19:06:38.301 logback [localhost-startStop-1] INFO  o.s.web.context.ContextLoader - Root WebApplicationContext: initialization completed in 899 ms
19:06:38.441 logback [localhost-startStop-1] INFO  o.s.b.w.s.FilterRegistrationBean - Mapping filter: 'characterEncodingFilter' to: [/*]
19:06:38.442 logback [localhost-startStop-1] INFO  o.s.b.w.s.FilterRegistrationBean - Mapping filter: 'hiddenHttpMethodFilter' to: [/*]
19:06:38.442 logback [localhost-startStop-1] INFO  o.s.b.w.s.FilterRegistrationBean - Mapping filter: 'httpPutFormContentFilter' to: [/*]
19:06:38.442 logback [localhost-startStop-1] INFO  o.s.b.w.s.FilterRegistrationBean - Mapping filter: 'requestContextFilter' to: [/*]
19:06:38.443 logback [localhost-startStop-1] INFO  o.s.b.w.s.DelegatingFilterProxyRegistrationBean - Mapping filter: 'springSecurityFilterChain' to: [/*]
19:06:38.443 logback [localhost-startStop-1] INFO  o.s.b.w.s.ServletRegistrationBean - Mapping servlet: 'dispatcherServlet' to [/]
19:06:38.751 logback [main] INFO  o.s.s.web.DefaultSecurityFilterChain - Creating filter chain: org.springframework.security.web.util.matcher.AnyRequestMatcher@1, [org.springframework.security.web.context.request.async.WebAsyncManagerIntegrationFilter@7a799159, org.springframework.security.web.context.SecurityContextPersistenceFilter@2abc224d, org.springframework.security.web.header.HeaderWriterFilter@703feacd, org.springframework.security.web.authentication.logout.LogoutFilter@10ec523c, org.springframework.security.web.authentication.UsernamePasswordAuthenticationFilter@5f14a673, org.springframework.security.web.savedrequest.RequestCacheAwareFilter@102d92c4, org.springframework.security.web.servletapi.SecurityContextHolderAwareRequestFilter@9a7a808, org.springframework.security.web.authentication.AnonymousAuthenticationFilter@40ab8a8, org.springframework.security.web.session.SessionManagementFilter@3241713e, org.springframework.security.web.access.ExceptionTranslationFilter@1c025cb, org.springframework.security.web.access.intercept.FilterSecurityInterceptor@4c9e38]
19:06:38.912 logback [main] INFO  o.s.w.s.m.m.a.RequestMappingHandlerAdapter - Looking for @ControllerAdvice: org.springframework.boot.context.embedded.AnnotationConfigEmbeddedWebApplicationContext@7fc229ab: startup date [Wed Sep 06 19:06:37 CST 2017]; root of context hierarchy
19:06:38.956 logback [main] INFO  o.s.w.s.m.m.a.RequestMappingHandlerMapping - Mapped "{[/demo/index]}" onto public java.lang.String com.lj.test.demo.DemoApplication.index()
19:06:38.956 logback [main] INFO  o.s.w.s.m.m.a.RequestMappingHandlerMapping - Mapped "{[/demo/template]}" onto public org.springframework.web.servlet.ModelAndView com.lj.test.demo.DemoApplication.template()
19:06:38.957 logback [main] INFO  o.s.w.s.m.m.a.RequestMappingHandlerMapping - Mapped "{[/hello]}" onto public java.lang.String com.lj.test.demo.controller.HelloWorldController.index()
19:06:38.959 logback [main] INFO  o.s.w.s.m.m.a.RequestMappingHandlerMapping - Mapped "{[/user],methods=[GET]}" onto public java.lang.String com.lj.test.demo.controller.UserController.user()
19:06:38.959 logback [main] INFO  o.s.w.s.m.m.a.RequestMappingHandlerMapping - Mapped "{[/ || /home]}" onto public java.lang.String com.lj.test.demo.controller.UserController.home()
19:06:38.959 logback [main] INFO  o.s.w.s.m.m.a.RequestMappingHandlerMapping - Mapped "{[/admin],methods=[GET]}" onto public java.lang.String com.lj.test.demo.controller.UserController.admin()
19:06:38.960 logback [main] INFO  o.s.w.s.m.m.a.RequestMappingHandlerMapping - Mapped "{[/403],methods=[GET]}" onto public java.lang.String com.lj.test.demo.controller.UserController.forbidden()
19:06:38.960 logback [main] INFO  o.s.w.s.m.m.a.RequestMappingHandlerMapping - Mapped "{[/login],methods=[GET]}" onto public java.lang.String com.lj.test.demo.controller.UserController.login()
19:06:38.962 logback [main] INFO  o.s.w.s.m.m.a.RequestMappingHandlerMapping - Mapped "{[/error]}" onto public org.springframework.http.ResponseEntity<java.util.Map<java.lang.String, java.lang.Object>> org.springframework.boot.autoconfigure.web.BasicErrorController.error(javax.servlet.http.HttpServletRequest)
19:06:38.963 logback [main] INFO  o.s.w.s.m.m.a.RequestMappingHandlerMapping - Mapped "{[/error],produces=[text/html]}" onto public org.springframework.web.servlet.ModelAndView org.springframework.boot.autoconfigure.web.BasicErrorController.errorHtml(javax.servlet.http.HttpServletRequest,javax.servlet.http.HttpServletResponse)
19:06:38.982 logback [main] INFO  o.s.w.s.h.SimpleUrlHandlerMapping - Mapped URL path [/toLogin] onto handler of type [class org.springframework.web.servlet.mvc.ParameterizableViewController]
19:06:39.000 logback [main] INFO  o.s.w.s.h.SimpleUrlHandlerMapping - Mapped URL path [/my/**] onto handler of type [class org.springframework.web.servlet.resource.ResourceHttpRequestHandler]
19:06:39.000 logback [main] INFO  o.s.w.s.h.SimpleUrlHandlerMapping - Mapped URL path [/webjars/**] onto handler of type [class org.springframework.web.servlet.resource.ResourceHttpRequestHandler]
19:06:39.000 logback [main] INFO  o.s.w.s.h.SimpleUrlHandlerMapping - Mapped URL path [/**] onto handler of type [class org.springframework.web.servlet.resource.ResourceHttpRequestHandler]
19:06:39.036 logback [main] INFO  o.s.w.s.h.SimpleUrlHandlerMapping - Mapped URL path [/**/favicon.ico] onto handler of type [class org.springframework.web.servlet.resource.ResourceHttpRequestHandler]
19:06:39.292 logback [main] INFO  o.s.b.a.s.AuthenticationManagerConfiguration - 

Using default security password: 172bad46-d308-47b8-97e4-81524d180354

19:06:39.347 logback [main] INFO  o.s.j.e.a.AnnotationMBeanExporter - Registering beans for JMX exposure on startup
19:06:39.358 logback [main] INFO  o.a.coyote.http11.Http11NioProtocol - Initializing ProtocolHandler ["http-nio-8080"]
19:06:39.363 logback [main] INFO  o.a.coyote.http11.Http11NioProtocol - Starting ProtocolHandler ["http-nio-8080"]
19:06:39.372 logback [main] INFO  o.a.tomcat.util.net.NioSelectorPool - Using a shared selector for servlet write/read
19:06:39.385 logback [main] INFO  o.s.b.c.e.t.TomcatEmbeddedServletContainer - Tomcat started on port(s): 8080 (http)
19:06:39.388 logback [main] INFO  com.lj.test.demo.DemoApplication - Started DemoApplication in 2.525 seconds (JVM running for 3.092)
